This is pdfTeX, Version 3.141592653-2.6-1.40.27 (MiKTeX 25.3) (preloaded format=pdflatex 2025.3.11)  27 APR 2025 19:58
entering extended mode
 restricted \write18 enabled.
 file:line:error style messages enabled.
 %&-line parsing enabled.
**"c:/Users/susan/OneDrive/Dokumente/@@FH/@MCCE/2 Semester/DevOps/DevOpsG1/Latex/main.tex"
(c:/Users/susan/OneDrive/Dokumente/@@FH/@MCCE/2 Semester/DevOps/DevOpsG1/Latex/main.tex
LaTeX2e <2024-11-01> patch level 2
L3 programming layer <2025-01-18>
(C:\Users\susan\AppData\Local\Programs\MiKTeX\tex/latex/base\article.cls
Document Class: article 2024/06/29 v1.4n Standard LaTeX document class
(C:\Users\susan\AppData\Local\Programs\MiKTeX\tex/latex/base\size10.clo
File: size10.clo 2024/06/29 v1.4n Standard LaTeX file (size option)
)
\c@part=\count196
\c@section=\count197
\c@subsection=\count198
\c@subsubsection=\count199
\c@paragraph=\count266
\c@subparagraph=\count267
\c@figure=\count268
\c@table=\count269
\abovecaptionskip=\skip49
\belowcaptionskip=\skip50
\bibindent=\dimen141
) (C:\Users\susan\AppData\Local\Programs\MiKTeX\tex/latex/base\textcomp.sty
Package: textcomp 2024/04/24 v2.1b Standard LaTeX package
) (C:\Users\susan\AppData\Local\Programs\MiKTeX\tex/latex/multirow\multirow.sty
Package: multirow 2024/11/12 v2.9 Span multiple rows of a table
\multirow@colwidth=\skip51
\multirow@cntb=\count270
\multirow@dima=\skip52
\bigstrutjot=\dimen142
) (C:\Users\susan\AppData\Local\Programs\MiKTeX\tex/latex/tools\array.sty
Package: array 2024/10/17 v2.6g Tabular extension package (FMi)
\col@sep=\dimen143
\ar@mcellbox=\box52
\extrarowheight=\dimen144
\NC@list=\toks17
\extratabsurround=\skip53
\backup@length=\skip54
\ar@cellbox=\box53
) (C:\Users\susan\AppData\Local\Programs\MiKTeX\tex/latex/graphics\graphicx.sty
Package: graphicx 2021/09/16 v1.2d Enhanced LaTeX Graphics (DPC,SPQR)
 (C:\Users\susan\AppData\Local\Programs\MiKTeX\tex/latex/graphics\keyval.sty
Package: keyval 2022/05/29 v1.15 key=value parser (DPC)
\KV@toks@=\toks18
) (C:\Users\susan\AppData\Local\Programs\MiKTeX\tex/latex/graphics\graphics.sty
Package: graphics 2024/08/06 v1.4g Standard LaTeX Graphics (DPC,SPQR)
 (C:\Users\susan\AppData\Local\Programs\MiKTeX\tex/latex/graphics\trig.sty
Package: trig 2023/12/02 v1.11 sin cos tan (DPC)
) (C:\Users\susan\AppData\Local\Programs\MiKTeX\tex/latex/graphics-cfg\graphics.cfg
File: graphics.cfg 2016/06/04 v1.11 sample graphics configuration
)
Package graphics Info: Driver file: pdftex.def on input line 106.
 (C:\Users\susan\AppData\Local\Programs\MiKTeX\tex/latex/graphics-def\pdftex.def
File: pdftex.def 2024/04/13 v1.2c Graphics/color driver for pdftex
))
\Gin@req@height=\dimen145
\Gin@req@width=\dimen146
) (C:\Users\susan\AppData\Local\Programs\MiKTeX\tex/latex/booktabs\booktabs.sty
Package: booktabs 2020/01/12 v1.61803398 Publication quality tables
\heavyrulewidth=\dimen147
\lightrulewidth=\dimen148
\cmidrulewidth=\dimen149
\belowrulesep=\dimen150
\belowbottomsep=\dimen151
\aboverulesep=\dimen152
\abovetopsep=\dimen153
\cmidrulesep=\dimen154
\cmidrulekern=\dimen155
\defaultaddspace=\dimen156
\@cmidla=\count271
\@cmidlb=\count272
\@aboverulesep=\dimen157
\@belowrulesep=\dimen158
\@thisruleclass=\count273
\@lastruleclass=\count274
\@thisrulewidth=\dimen159
) (C:\Users\susan\AppData\Local\Programs\MiKTeX\tex/latex/blindtext\blindtext.sty
Package: blindtext 2012/01/06 V2.0 blindtext-Package
 (C:\Users\susan\AppData\Local\Programs\MiKTeX\tex/latex/tools\xspace.sty
Package: xspace 2014/10/28 v1.13 Space after command names (DPC,MH)
)
\c@blindtext=\count275
\c@Blindtext=\count276
\c@blind@countparstart=\count277
\blind@countxx=\count278
\blindtext@numBlindtext=\count279
\blind@countyy=\count280
\c@blindlist=\count281
\c@blindlistlevel=\count282
\c@blindlist@level=\count283
\blind@listitem=\count284
\c@blind@listcount=\count285
\c@blind@levelcount=\count286
\blind@mathformula=\count287
\blind@Mathformula=\count288
\c@blind@randomcount=\count289
\c@blind@randommax=\count290
\c@blind@pangramcount=\count291
\c@blind@pangrammax=\count292
) (C:\Users\susan\AppData\Local\Programs\MiKTeX\tex/generic/babel\babel.sty
Package: babel 2025/02/14 v25.4 The multilingual framework for pdfLaTeX, LuaLaTeX and XeLaTeX
\babel@savecnt=\count293
\U@D=\dimen160
\l@unhyphenated=\language79
 (C:\Users\susan\AppData\Local\Programs\MiKTeX\tex/generic/babel\txtbabel.def)
\bbl@readstream=\read2
\bbl@dirlevel=\count294

*************************************
* Local config file bblopts.cfg used
*
(C:\Users\susan\AppData\Local\Programs\MiKTeX\tex/latex/arabi\bblopts.cfg
File: bblopts.cfg 2005/09/08 v0.1 add Arabic and Farsi to "declared" options of babel
) (C:\Users\susan\AppData\Local\Programs\MiKTeX\tex/latex/babel-german\ngerman.ldf
Language: ngerman 2024/12/10 v2.15 German support for babel (post-1996 orthography)
 (C:\Users\susan\AppData\Local\Programs\MiKTeX\tex/latex/babel-german\ngermanb.ldf
Language: ngermanb 2024/12/10 v2.15 German support for babel (post-1996 orthography)
Package babel Info: Making " an active character on input line 122.
))) (C:\Users\susan\AppData\Local\Programs\MiKTeX\tex/generic/babel/locale/de\babel-ngerman.tex
Package babel Info: Importing font and identification data for ngerman
(babel)             from babel-de.ini. Reported on input line 11.
) (C:\Users\susan\AppData\Local\Programs\MiKTeX\tex/latex/hyperref\hyperref.sty
Package: hyperref 2024-11-05 v7.01l Hypertext links for LaTeX
 (C:\Users\susan\AppData\Local\Programs\MiKTeX\tex/generic/iftex\iftex.sty
Package: iftex 2024/12/12 v1.0g TeX engine tests
) (C:\Users\susan\AppData\Local\Programs\MiKTeX\tex/latex/kvsetkeys\kvsetkeys.sty
Package: kvsetkeys 2022-10-05 v1.19 Key value parser (HO)
) (C:\Users\susan\AppData\Local\Programs\MiKTeX\tex/generic/kvdefinekeys\kvdefinekeys.sty
Package: kvdefinekeys 2019-12-19 v1.6 Define keys (HO)
) (C:\Users\susan\AppData\Local\Programs\MiKTeX\tex/generic/pdfescape\pdfescape.sty
Package: pdfescape 2019/12/09 v1.15 Implements pdfTeX's escape features (HO)
 (C:\Users\susan\AppData\Local\Programs\MiKTeX\tex/generic/ltxcmds\ltxcmds.sty
Package: ltxcmds 2023-12-04 v1.26 LaTeX kernel commands for general use (HO)
) (C:\Users\susan\AppData\Local\Programs\MiKTeX\tex/generic/pdftexcmds\pdftexcmds.sty
Package: pdftexcmds 2020-06-27 v0.33 Utility functions of pdfTeX for LuaTeX (HO)
 (C:\Users\susan\AppData\Local\Programs\MiKTeX\tex/generic/infwarerr\infwarerr.sty
Package: infwarerr 2019/12/03 v1.5 Providing info/warning/error messages (HO)
)
Package pdftexcmds Info: \pdf@primitive is available.
Package pdftexcmds Info: \pdf@ifprimitive is available.
Package pdftexcmds Info: \pdfdraftmode found.
)) (C:\Users\susan\AppData\Local\Programs\MiKTeX\tex/latex/hycolor\hycolor.sty
Package: hycolor 2020-01-27 v1.10 Color options for hyperref/bookmark (HO)
) (C:\Users\susan\AppData\Local\Programs\MiKTeX\tex/latex/hyperref\nameref.sty
Package: nameref 2023-11-26 v2.56 Cross-referencing by name of section
 (C:\Users\susan\AppData\Local\Programs\MiKTeX\tex/latex/refcount\refcount.sty
Package: refcount 2019/12/15 v3.6 Data extraction from label references (HO)
) (C:\Users\susan\AppData\Local\Programs\MiKTeX\tex/generic/gettitlestring\gettitlestring.sty
Package: gettitlestring 2019/12/15 v1.6 Cleanup title references (HO)
 (C:\Users\susan\AppData\Local\Programs\MiKTeX\tex/latex/kvoptions\kvoptions.sty
Package: kvoptions 2022-06-15 v3.15 Key value format for package options (HO)
))
\c@section@level=\count295
) (C:\Users\susan\AppData\Local\Programs\MiKTeX\tex/latex/etoolbox\etoolbox.sty
Package: etoolbox 2025/02/11 v2.5l e-TeX tools for LaTeX (JAW)
\etb@tempcnta=\count296
) (C:\Users\susan\AppData\Local\Programs\MiKTeX\tex/generic/stringenc\stringenc.sty
Package: stringenc 2019/11/29 v1.12 Convert strings between diff. encodings (HO)
)
\@linkdim=\dimen161
\Hy@linkcounter=\count297
\Hy@pagecounter=\count298
 (C:\Users\susan\AppData\Local\Programs\MiKTeX\tex/latex/hyperref\pd1enc.def
File: pd1enc.def 2024-11-05 v7.01l Hyperref: PDFDocEncoding definition (HO)
Now handling font encoding PD1 ...
... no UTF-8 mapping file for font encoding PD1
) (C:\Users\susan\AppData\Local\Programs\MiKTeX\tex/generic/intcalc\intcalc.sty
Package: intcalc 2019/12/15 v1.3 Expandable calculations with integers (HO)
)
\Hy@SavedSpaceFactor=\count299
 (C:\Users\susan\AppData\Local\Programs\MiKTeX\tex/latex/hyperref\puenc.def
File: puenc.def 2024-11-05 v7.01l Hyperref: PDF Unicode definition (HO)
Now handling font encoding PU ...
... no UTF-8 mapping file for font encoding PU
)
Package hyperref Info: Hyper figures OFF on input line 4157.
Package hyperref Info: Link nesting OFF on input line 4162.
Package hyperref Info: Hyper index ON on input line 4165.
Package hyperref Info: Plain pages OFF on input line 4172.
Package hyperref Info: Backreferencing OFF on input line 4177.
Package hyperref Info: Implicit mode ON; LaTeX internals redefined.
Package hyperref Info: Bookmarks ON on input line 4424.
\c@Hy@tempcnt=\count300
 (C:\Users\susan\AppData\Local\Programs\MiKTeX\tex/latex/url\url.sty
\Urlmuskip=\muskip17
Package: url 2013/09/16  ver 3.4  Verb mode for urls, etc.
)
LaTeX Info: Redefining \url on input line 4763.
\XeTeXLinkMargin=\dimen162
 (C:\Users\susan\AppData\Local\Programs\MiKTeX\tex/generic/bitset\bitset.sty
Package: bitset 2019/12/09 v1.3 Handle bit-vector datatype (HO)
 (C:\Users\susan\AppData\Local\Programs\MiKTeX\tex/generic/bigintcalc\bigintcalc.sty
Package: bigintcalc 2019/12/15 v1.5 Expandable calculations on big integers (HO)
))
\Fld@menulength=\count301
\Field@Width=\dimen163
\Fld@charsize=\dimen164
Package hyperref Info: Hyper figures OFF on input line 6042.
Package hyperref Info: Link nesting OFF on input line 6047.
Package hyperref Info: Hyper index ON on input line 6050.
Package hyperref Info: backreferencing OFF on input line 6057.
Package hyperref Info: Link coloring OFF on input line 6062.
Package hyperref Info: Link coloring with OCG OFF on input line 6067.
Package hyperref Info: PDF/A mode OFF on input line 6072.
 (C:\Users\susan\AppData\Local\Programs\MiKTeX\tex/latex/base\atbegshi-ltx.sty
Package: atbegshi-ltx 2021/01/10 v1.0c Emulation of the original atbegshi
package with kernel methods
)
\Hy@abspage=\count302
\c@Item=\count303
\c@Hfootnote=\count304
)
Package hyperref Info: Driver (autodetected): hpdftex.
 (C:\Users\susan\AppData\Local\Programs\MiKTeX\tex/latex/hyperref\hpdftex.def
File: hpdftex.def 2024-11-05 v7.01l Hyperref driver for pdfTeX
 (C:\Users\susan\AppData\Local\Programs\MiKTeX\tex/latex/base\atveryend-ltx.sty
Package: atveryend-ltx 2020/08/19 v1.0a Emulation of the original atveryend package
with kernel methods
)
\Fld@listcount=\count305
\c@bookmark@seq@number=\count306
 (C:\Users\susan\AppData\Local\Programs\MiKTeX\tex/latex/rerunfilecheck\rerunfilecheck.sty
Package: rerunfilecheck 2022-07-10 v1.10 Rerun checks for auxiliary files (HO)
 (C:\Users\susan\AppData\Local\Programs\MiKTeX\tex/generic/uniquecounter\uniquecounter.sty
Package: uniquecounter 2019/12/15 v1.4 Provide unlimited unique counter (HO)
)
Package uniquecounter Info: New unique counter `rerunfilecheck' on input line 285.
)
\Hy@SectionHShift=\skip55
) (C:\Users\susan\AppData\Local\Programs\MiKTeX\tex/latex/xcolor\xcolor.sty
Package: xcolor 2024/09/29 v3.02 LaTeX color extensions (UK)
 (C:\Users\susan\AppData\Local\Programs\MiKTeX\tex/latex/graphics-cfg\color.cfg
File: color.cfg 2016/01/02 v1.6 sample color configuration
)
Package xcolor Info: Driver file: pdftex.def on input line 274.
 (C:\Users\susan\AppData\Local\Programs\MiKTeX\tex/latex/graphics\mathcolor.ltx)
Package xcolor Info: Model `cmy' substituted by `cmy0' on input line 1349.
Package xcolor Info: Model `hsb' substituted by `rgb' on input line 1353.
Package xcolor Info: Model `RGB' extended on input line 1365.
Package xcolor Info: Model `HTML' substituted by `rgb' on input line 1367.
Package xcolor Info: Model `Hsb' substituted by `hsb' on input line 1368.
Package xcolor Info: Model `tHsb' substituted by `hsb' on input line 1369.
Package xcolor Info: Model `HSB' substituted by `hsb' on input line 1370.
Package xcolor Info: Model `Gray' substituted by `gray' on input line 1371.
Package xcolor Info: Model `wave' substituted by `hsb' on input line 1372.
) (C:\Users\susan\AppData\Local\Programs\MiKTeX\tex/latex/colortbl\colortbl.sty
Package: colortbl 2024/07/06 v1.0i Color table columns (DPC)
\everycr=\toks19
\minrowclearance=\skip56
\rownum=\count307
)
Package hyperref Info: Option `colorlinks' set `true' on input line 28.
 (C:\Users\susan\AppData\Local\Programs\MiKTeX\tex/latex/l3backend\l3backend-pdftex.def
File: l3backend-pdftex.def 2024-05-08 L3 backend support: PDF output (pdfTeX)
\l__color_backend_stack_int=\count308
\l__pdf_internal_box=\box54
) (main.aux

LaTeX Warning: Label `fig:ASD-diagram' multiply defined.

)
\openout1 = `main.aux'.

LaTeX Font Info:    Checking defaults for OML/cmm/m/it on input line 34.
LaTeX Font Info:    ... okay on input line 34.
LaTeX Font Info:    Checking defaults for OMS/cmsy/m/n on input line 34.
LaTeX Font Info:    ... okay on input line 34.
LaTeX Font Info:    Checking defaults for OT1/cmr/m/n on input line 34.
LaTeX Font Info:    ... okay on input line 34.
LaTeX Font Info:    Checking defaults for T1/cmr/m/n on input line 34.
LaTeX Font Info:    ... okay on input line 34.
LaTeX Font Info:    Checking defaults for TS1/cmr/m/n on input line 34.
LaTeX Font Info:    ... okay on input line 34.
LaTeX Font Info:    Checking defaults for OMX/cmex/m/n on input line 34.
LaTeX Font Info:    ... okay on input line 34.
LaTeX Font Info:    Checking defaults for U/cmr/m/n on input line 34.
LaTeX Font Info:    ... okay on input line 34.
LaTeX Font Info:    Checking defaults for PD1/pdf/m/n on input line 34.
LaTeX Font Info:    ... okay on input line 34.
LaTeX Font Info:    Checking defaults for PU/pdf/m/n on input line 34.
LaTeX Font Info:    ... okay on input line 34.
 (C:\Users\susan\AppData\Local\Programs\MiKTeX\tex/context/base/mkii\supp-pdf.mkii
[Loading MPS to PDF converter (version 2006.09.02).]
\scratchcounter=\count309
\scratchdimen=\dimen165
\scratchbox=\box55
\nofMPsegments=\count310
\nofMParguments=\count311
\everyMPshowfont=\toks20
\MPscratchCnt=\count312
\MPscratchDim=\dimen166
\MPnumerator=\count313
\makeMPintoPDFobject=\count314
\everyMPtoPDFconversion=\toks21
) (C:\Users\susan\AppData\Local\Programs\MiKTeX\tex/latex/epstopdf-pkg\epstopdf-base.sty
Package: epstopdf-base 2020-01-24 v2.11 Base part for package epstopdf
Package epstopdf-base Info: Redefining graphics rule for `.eps' on input line 485.
 (C:\Users\susan\AppData\Local\Programs\MiKTeX\tex/latex/00miktex\epstopdf-sys.cfg
File: epstopdf-sys.cfg 2021/03/18 v2.0 Configuration of epstopdf for MiKTeX
))
Package hyperref Info: Link coloring ON on input line 34.
 (main.out) (main.out)
\@outlinefile=\write3
\openout3 = `main.out'.

 (section/title.tex
<fig/Fig1.png, id=67, 460.72125pt x 433.62pt>
File: fig/Fig1.png Graphic file (type png)
<use fig/Fig1.png>
Package pdftex.def Info: fig/Fig1.png  used on input line 3.
(pdftex.def)             Requested size: 172.5pt x 162.34904pt.
) (section/authors.tex)
LaTeX Font Info:    External font `cmex10' loaded for size
(Font)              <12> on input line 40.
LaTeX Font Info:    External font `cmex10' loaded for size
(Font)              <8> on input line 40.
LaTeX Font Info:    External font `cmex10' loaded for size
(Font)              <6> on input line 40.
LaTeX Font Info:    External font `cmex10' loaded for size
(Font)              <5> on input line 40.


[1

{C:/Users/susan/AppData/Local/MiKTeX/fonts/map/pdftex/pdftex.map} <./fig/Fig1.png>] (main.toc
LaTeX Font Info:    External font `cmex10' loaded for size
(Font)              <7> on input line 3.
)
\tf@toc=\write4
\openout4 = `main.toc'.



[2] (section/inhalt.tex
Overfull \hbox (1.91725pt too wide) in paragraph at lines 23--24
[]\OT1/cmr/m/n/10 Reagieren auf Ver[]anderungen statt Be-fol-gen ei-nes Plans. [[]] 
 []


Underfull \hbox (badness 10000) in paragraph at lines 32--37

 []


Underfull \hbox (badness 10000) in paragraph at lines 38--68

 []



[3]
Underfull \hbox (badness 10000) in paragraph at lines 69--74

 []


Overfull \hbox (23.61176pt too wide) in paragraph at lines 85--86
[]\OT1/cmr/m/n/10 Nutzung von Mo-del-len aus Pra-xis oder Theo-rie, um Ver-bes-se-rungsm[]oglichkeiten
 []


Underfull \hbox (badness 10000) in paragraph at lines 88--91

 []

<fig/ASD.png, id=121, 313.17pt x 193.47281pt>
File: fig/ASD.png Graphic file (type png)
<use fig/ASD.png>
Package pdftex.def Info: fig/ASD.png  used on input line 97.
(pdftex.def)             Requested size: 276.00105pt x 170.51639pt.


[4]
Overfull \hbox (23.35497pt too wide) in paragraph at lines 102--103
[]\OT1/cmr/bx/n/10 Kollaborieren/Zusammenarbeiten: \OT1/cmr/m/n/10 Bei kom-ple-xen Software-Anwendungen
 []


Underfull \hbox (badness 10000) in paragraph at lines 105--106

 []

<fig/CSD.png, id=134, 387.69844pt x 152.82094pt>
File: fig/CSD.png Graphic file (type png)
<use fig/CSD.png>
Package pdftex.def Info: fig/CSD.png  used on input line 121.
(pdftex.def)             Requested size: 345.0pt x 135.99153pt.

Underfull \hbox (badness 10000) in paragraph at lines 117--128

 []



[5 <./fig/ASD.png>]
Overfull \hbox (8.02843pt too wide) in paragraph at lines 129--131
\OT1/cmr/m/n/10 ckelt wur-de. Am-b-ler de-fi-niert daf[]ur fol-gen-de Kern-prin-zi-pen [[]]: 
 []



[6 <./fig/CSD.png>]
Overfull \hbox (8.3829pt too wide) in paragraph at lines 142--143
[]\OT1/cmr/bx/n/10 Elaboration/Ausarbeitung: \OT1/cmr/m/n/10 Die Ar-chi-tek-tur des Sys-tems wird []uberpr[]uft. 
 []


Overfull \hbox (40.58409pt too wide) in paragraph at lines 157--159
\OT1/cmr/m/n/10 Zu den be-kann-tes-ten Mo-del-len z[]ahlen[[], []]: 
 []



[7]
Underfull \hbox (badness 10000) in paragraph at lines 181--207

 []


Underfull \hbox (badness 10000) in paragraph at lines 208--212

 []



[8]
Underfull \hbox (badness 10000) in paragraph at lines 213--215

 []


Underfull \hbox (badness 10000) in paragraph at lines 216--219

 []


Underfull \hbox (badness 10000) in paragraph at lines 220--224

 []


Underfull \hbox (badness 10000) in paragraph at lines 225--229

 []


Underfull \hbox (badness 10000) in paragraph at lines 230--234

 []


Underfull \hbox (badness 10000) in paragraph at lines 235--239

 []


Overfull \hbox (6.33282pt too wide) in paragraph at lines 240--244
\OT1/cmr/m/n/10 zie-ren. DDD fin-det oft An-wen-dung beim Ent-wurf von Microservice-Architekturen,
 []


Underfull \hbox (badness 10000) in paragraph at lines 240--244

 []


Underfull \hbox (badness 10000) in paragraph at lines 245--250

 []



[9]
Underfull \hbox (badness 10000) in paragraph at lines 251--256

 []


Underfull \hbox (badness 10000) in paragraph at lines 257--260

 []


Underfull \hbox (badness 10000) in paragraph at lines 261--264

 []


Underfull \hbox (badness 10000) in paragraph at lines 265--271

 []


Underfull \hbox (badness 10000) in paragraph at lines 272--277

 []


Underfull \hbox (badness 10000) in paragraph at lines 278--282

 []



[10]
Underfull \hbox (badness 10000) in paragraph at lines 283--286

 []


Underfull \hbox (badness 10000) in paragraph at lines 310--313

 []



[11]
Underfull \hbox (badness 10000) in paragraph at lines 323--327

 []


Overfull \hbox (0.60553pt too wide) in paragraph at lines 351--355
 []\OT1/cmr/bx/n/10 Das Spotify-Modell zur Ska-lie-rung agi-ler Or-ga-ni-sa-tio-nen:[] \OT1/cmr/m/n/10 Das Spotify-
 []



[12]

[13]
Overfull \hbox (3.93263pt too wide) in paragraph at lines 393--396
 []\OT1/cmr/bx/n/10 5. Operations-Team als Erm[]oglicher:[] \OT1/cmr/m/n/10 An-stel-le ei-nes []Ubergabemodells baut
 []


Overfull \hbox (22.05652pt too wide) in paragraph at lines 403--404
[]\OT1/cmr/bx/n/10 Gemeinsame Ver-ant-wor-tung \OT1/cmr/m/n/10 durch Sys-tem Ow-ners und ein un-terst[]utzendes
 []


Overfull \hbox (11.54805pt too wide) in paragraph at lines 422--426
 []\OT1/cmr/bx/n/10 Feature 1: Bran-ching und Mer-ging[] \OT1/cmr/m/n/10 Git bie-tet ein leis-tungsf[]ahiges Branching-
 []



[14]
Underfull \hbox (badness 10000) in paragraph at lines 466--471

 []


Overfull \hbox (22.45901pt too wide) in paragraph at lines 472--476
\OT1/cmr/m/n/10 fr[]uhen Pha-se beheben.[[]] Gleich-zei-tig schafft die durchg[]angige
 []


Underfull \hbox (badness 10000) in paragraph at lines 478--483

 []



[15]
Underfull \hbox (badness 10000) in paragraph at lines 484--490

 []


Underfull \hbox (badness 10000) in paragraph at lines 501--519

 []



[16]
Overfull \hbox (8.27388pt too wide) in paragraph at lines 529--533
\OT1/cmr/bx/n/10 Tech wie stil-le Post anf[]uhlt[] \OT1/cmr/m/n/10 Sie ken-nen das Sze-na-rio: F[]unf \OT1/cmr/m/it/10 Ad-Dev-Ingenieure
 []



[17]
Overfull \hbox (17.22282pt too wide) in paragraph at lines 585--586
[]\OT1/cmr/m/n/10 Skriptgesteuerte De-ploy-ments (In-fra-struc-ture as Co-de) auf einen Staging-
 []


Overfull \hbox (2.09776pt too wide) in paragraph at lines 591--592
[]\OT1/cmr/m/n/10 Integration von Test-be-rich-ten und Me-tri-ken in Das-h-boards (z.B. Graf-
 []


Overfull \hbox (1.80605pt too wide) in paragraph at lines 598--599
[]\OT1/cmr/m/n/10 Feature-Flag-gesteuerte Rol-louts f[]ur si-che-re Canary-Deployments ein-
 []



[18]
Overfull \hbox (28.78502pt too wide) in paragraph at lines 617--618
[]\OT1/cmr/bx/n/10 Zusammenarbeit \OT1/cmr/m/n/10 Slack/MS Teams-Integrationen, Con-flu-ence oder SharePoint-
 []


Underfull \hbox (badness 10000) in paragraph at lines 625--630

 []



[19]
Overfull \hbox (13.72252pt too wide) in paragraph at lines 647--653
[]\OT1/cmr/bx/n/10 QA-Lead \OT1/cmr/m/n/10 be-kommt durch De-vOps einen Quan-ten-sprung (die Me-ta-pher,nicht
 []


Overfull \hbox (1.13184pt too wide) in paragraph at lines 653--657
[]\OT1/cmr/bx/n/10 Produktmanager  \OT1/cmr/m/n/10 sieht den gr[]o^^Yten Ge-winn in den verk[]urzten Feedback-
 []


Underfull \hbox (badness 10000) in paragraph at lines 659--661

 []



[20]
<fig/tothemoon.png, id=307, 1027.84pt x 1541.76pt>
File: fig/tothemoon.png Graphic file (type png)
<use fig/tothemoon.png>
Package pdftex.def Info: fig/tothemoon.png  used on input line 676.
(pdftex.def)             Requested size: 172.5pt x 258.73161pt.
)

[21 <./fig/tothemoon.png (PNG copy)>] (section/references.tex (main.bbl

[22]

[23]

[24]))

[25] (main.aux)
 ***********
LaTeX2e <2024-11-01> patch level 2
L3 programming layer <2025-01-18>
 ***********


LaTeX Warning: There were multiply-defined labels.

Package rerunfilecheck Info: File `main.out' has not changed.
(rerunfilecheck)             Checksum: 832366DCDFB0320BD3CBE5CEE0EC7A05;3443.
 ) 
Here is how much of TeX's memory you used:
 10852 strings out of 473523
 175278 string characters out of 5714630
 592690 words of memory out of 5000000
 33818 multiletter control sequences out of 15000+600000
 564450 words of font info for 54 fonts, out of 8000000 for 9000
 1141 hyphenation exceptions out of 8191
 75i,12n,79p,566b,558s stack positions out of 10000i,1000n,20000p,200000b,200000s
 <C:\Users\susan\AppData\Local\MiKTeX\fonts/pk/ljfour/jknappen/ec/dpi600\tcrm1000.pk> <C:\Users\susan\AppData\Local\MiKTeX\fonts/pk/ljfour/jknappen/ec/dpi600\tcrm0600.pk> <C:\Users\susan\AppData\Local\MiKTeX\fonts/pk/ljfour/jknappen/ec/dpi600\tcrm0800.pk><C:/Users/susan/AppData/Local/Programs/MiKTeX/fonts/type1/public/amsfonts/cm/cmbx10.pfb><C:/Users/susan/AppData/Local/Programs/MiKTeX/fonts/type1/public/amsfonts/cm/cmbx12.pfb><C:/Users/susan/AppData/Local/Programs/MiKTeX/fonts/type1/public/amsfonts/cm/cmr10.pfb><C:/Users/susan/AppData/Local/Programs/MiKTeX/fonts/type1/public/amsfonts/cm/cmr12.pfb><C:/Users/susan/AppData/Local/Programs/MiKTeX/fonts/type1/public/amsfonts/cm/cmr17.pfb><C:/Users/susan/AppData/Local/Programs/MiKTeX/fonts/type1/public/amsfonts/cm/cmr8.pfb><C:/Users/susan/AppData/Local/Programs/MiKTeX/fonts/type1/public/amsfonts/cm/cmti10.pfb>
Output written on main.pdf (25 pages, 2358453 bytes).
PDF statistics:
 405 PDF objects out of 1000 (max. 8388607)
 114 named destinations out of 1000 (max. 500000)
 149 words of extra memory for PDF output out of 10000 (max. 10000000)

